#
# An unexpected error has occurred (11)
#
Stack:
/lib/x86_64-linux-gnu/libc.so.6(+0x36d40) [0x7f85b085bd40]
/opt/Xilinx16/Vivado/2016.2/lib/lnx64.o/librdi_common.so(std::_Hashtable<hdi::tcltasks::detail::collection_wrapper_base const*, std::pair<hdi::tcltasks::detail::collection_wrapper_base const* const, Tcl_Obj*>, std::allocator<std::pair<hdi::tcltasks::detail::collection_wrapper_base const* const, Tcl_Obj*> >, std::__detail::_Select1st, std::equal_to<hdi::tcltasks::detail::collection_wrapper_base const*>, boost::hash<hdi::tcltasks::detail::collection_wrapper_base const*>, std::__detail::_Mod_range_hashing, std::__detail::_Default_ranged_hash, std::__detail::_Prime_rehash_policy, std::__detail::_Hashtable_traits<true, false, false> >::equal_range(hdi::tcltasks::detail::collection_wrapper_base const* const&)+0x2b) [0x7f85b18ba66b]
/opt/Xilinx16/Vivado/2016.2/lib/lnx64.o/librdi_common.so(+0x5ad93e) [0x7f85b18ba93e]
/opt/Xilinx16/Vivado/2016.2/lib/lnx64.o/librdi_common.so(hdi::tcltasks::detail::collection_wrapper_base::~collection_wrapper_base()+0x17) [0x7f85b18b99b7]
/opt/Xilinx16/Vivado/2016.2/lib/lnx64.o/librdi_common.so(+0x4210fa) [0x7f85b172e0fa]
/opt/Xilinx16/Vivado/2016.2/lib/lnx64.o/librdi_common.so(hdi::tcltasks::detail::collection_wrapper_base::decr_ref() const+0x14) [0x7f85b18b9294]
/opt/Xilinx16/Vivado/2016.2/lib/lnx64.o/librdi_tcltasks.so(+0x9a5ee0) [0x7f85a567aee0]
/opt/Xilinx16/Vivado/2016.2/lib/lnx64.o/librdi_tcltasks.so(+0x9d6c93) [0x7f85a56abc93]
/opt/Xilinx16/Vivado/2016.2/lib/lnx64.o/libboost_program_options.so(boost::program_options::option_description::~option_description()+0x7a) [0x7f85af18a72a]
/opt/Xilinx16/Vivado/2016.2/lib/lnx64.o/libboost_program_options.so(boost::program_options::option_description::~option_description()+0x9) [0x7f85af18a7f9]
/opt/Xilinx16/Vivado/2016.2/lib/lnx64.o/librdi_common.so(hdi::tcltasks::options_description::~options_description()+0x142) [0x7f85b18c9ba2]
/lib/x86_64-linux-gnu/libc.so.6(+0x3c259) [0x7f85b0861259]
/lib/x86_64-linux-gnu/libc.so.6(+0x3c2a5) [0x7f85b08612a5]
/opt/Xilinx16/Vivado/2016.2/lib/lnx64.o/librdi_dsp.so(HDSWaDesignManager::monitorParentProcess()+0x2c9) [0x7f85928385e9]
/opt/Xilinx16/Vivado/2016.2/lib/lnx64.o/libboost_thread.so(+0xeff5) [0x7f85aea5bff5]
/lib/x86_64-linux-gnu/libpthread.so.0(+0x8182) [0x7f85b0309182]
/lib/x86_64-linux-gnu/libc.so.6(clone+0x6d) [0x7f85b091f47d]
