--------------------------------- Version Log ----------------------------------
Version                                 Path
System Generator 2014.4                 C:/Xilinx/Vivado/2014.4
Matlab 8.3.0.532 (R2014a)               C:\Program Files\MATLAB\R2014a
Vivado 2014.4                           C:/Xilinx/Vivado/2014.4
--------------------------------------------------------------------------------
Summary of Errors:
Error 0001: ERROR: An error occurred when creating the Vivado project...
     Block: Unspecified
--------------------------------------------------------------------------------

Error 0001:

Reported by:
  Unspecified

Details:
ERROR: An error occurred when creating the Vivado project.
error deleting
"c:/Users/gnaylor.CCFEPC/Dropbox/SysgenOutput/TE0722_A6/ip_catalog/n3_te0722_a6.srcs/sources_1/ip/n3_te0722_a6_c_addsub_v12_0_17":
file already exists
INFO: [Common 17-206] Exiting Vivado at Wed Jan 13 16:26:04 2016...
... 

For more information please refer to 'C:/Users/gnaylor.CCFEPC/Dropbox/SysgenOutput/TE0722_A6/vivado.log'

--------------------------------------------------------------------------------
